{"/home/travis/build/npmtest/node-npmtest-electron-settings/test.js":{"path":"/home/travis/build/npmtest/node-npmtest-electron-settings/test.js","s":{"1":2,"2":2,"3":2,"4":2,"5":2,"6":2,"7":2,"8":1,"9":2,"10":2,"11":1,"12":1,"13":1,"14":1,"15":2,"16":2,"17":2,"18":2,"19":1,"20":1,"21":2,"22":2,"23":2,"24":1,"25":1,"26":1,"27":1,"28":1,"29":1,"30":1,"31":1,"32":1,"33":1,"34":1,"35":1,"36":1,"37":1,"38":1,"39":2,"40":2,"41":1,"42":2,"43":2,"44":1,"45":2,"46":2,"47":1,"48":2,"49":2,"50":1,"51":1,"52":1,"53":1,"54":1},"b":{"1":[2,1,1,1],"2":[1,1,1,1],"3":[1,1],"4":[1,1],"5":[1,1],"6":[1,1],"7":[1,1],"8":[1,1],"9":[1,1],"10":[1,1,1],"11":[1,1],"12":[1,1],"13":[1,1],"14":[1,1],"15":[1,1],"16":[1,1],"17":[1,1]},"f":{"1":2,"2":2,"3":2,"4":2,"5":2,"6":1,"7":1,"8":1,"9":2,"10":2,"11":2,"12":2,"13":1},"fnMap":{"1":{"name":"(anonymous_1)","line":12,"loc":{"start":{"line":12,"column":1},"end":{"line":12,"column":13}}},"2":{"name":"(anonymous_2)","line":19,"loc":{"start":{"line":19,"column":5},"end":{"line":19,"column":17}}},"3":{"name":"(anonymous_3)","line":23,"loc":{"start":{"line":23,"column":24},"end":{"line":23,"column":36}}},"4":{"name":"(anonymous_4)","line":61,"loc":{"start":{"line":61,"column":5},"end":{"line":61,"column":17}}},"5":{"name":"(anonymous_5)","line":82,"loc":{"start":{"line":82,"column":5},"end":{"line":82,"column":17}}},"6":{"name":"(anonymous_6)","line":91,"loc":{"start":{"line":91,"column":77},"end":{"line":94,"column":10}}},"7":{"name":"(anonymous_7)","line":112,"loc":{"start":{"line":112,"column":83},"end":{"line":115,"column":10}},"skip":true},"8":{"name":"(anonymous_8)","line":123,"loc":{"start":{"line":123,"column":77},"end":{"line":126,"column":10}},"skip":true},"9":{"name":"(anonymous_9)","line":139,"loc":{"start":{"line":139,"column":12},"end":{"line":139,"column":40}},"skip":true},"10":{"name":"(anonymous_10)","line":147,"loc":{"start":{"line":147,"column":77},"end":{"line":150,"column":10}},"skip":true},"11":{"name":"(anonymous_11)","line":158,"loc":{"start":{"line":158,"column":83},"end":{"line":161,"column":10}},"skip":true},"12":{"name":"(anonymous_12)","line":169,"loc":{"start":{"line":169,"column":79},"end":{"line":172,"column":10}},"skip":true},"13":{"name":"(anonymous_13)","line":180,"loc":{"start":{"line":180,"column":75},"end":{"line":183,"column":10}},"skip":true}},"statementMap":{"1":{"start":{"line":12,"column":0},"end":{"line":195,"column":5}},"2":{"start":{"line":14,"column":4},"end":{"line":14,"column":14}},"3":{"start":{"line":19,"column":4},"end":{"line":56,"column":9}},"4":{"start":{"line":21,"column":8},"end":{"line":21,"column":19}},"5":{"start":{"line":23,"column":8},"end":{"line":35,"column":13}},"6":{"start":{"line":24,"column":12},"end":{"line":34,"column":13}},"7":{"start":{"line":25,"column":16},"end":{"line":28,"column":30}},"8":{"start":{"line":30,"column":16},"end":{"line":33,"column":27}},"9":{"start":{"line":37,"column":8},"end":{"line":39,"column":21}},"10":{"start":{"line":40,"column":8},"end":{"line":53,"column":9}},"11":{"start":{"line":43,"column":12},"end":{"line":46,"column":14}},"12":{"start":{"line":47,"column":12},"end":{"line":47,"column":18}},"13":{"start":{"line":50,"column":12},"end":{"line":51,"column":33}},"14":{"start":{"line":52,"column":12},"end":{"line":52,"column":18}},"15":{"start":{"line":55,"column":8},"end":{"line":55,"column":35}},"16":{"start":{"line":61,"column":4},"end":{"line":63,"column":9}},"17":{"start":{"line":62,"column":8},"end":{"line":62,"column":15}},"18":{"start":{"line":64,"column":4},"end":{"line":77,"column":5}},"19":{"start":{"line":70,"column":8},"end":{"line":70,"column":14}},"20":{"start":{"line":76,"column":8},"end":{"line":76,"column":14}},"21":{"start":{"line":82,"column":4},"end":{"line":84,"column":9}},"22":{"start":{"line":83,"column":8},"end":{"line":83,"column":15}},"23":{"start":{"line":85,"column":4},"end":{"line":194,"column":5}},"24":{"start":{"line":91,"column":8},"end":{"line":99,"column":10}},"25":{"start":{"line":98,"column":12},"end":{"line":98,"column":35}},"26":{"start":{"line":102,"column":8},"end":{"line":104,"column":63}},"27":{"start":{"line":105,"column":8},"end":{"line":105,"column":14}},"28":{"start":{"line":112,"column":8},"end":{"line":121,"column":10},"skip":true},"29":{"start":{"line":119,"column":12},"end":{"line":119,"column":55},"skip":true},"30":{"start":{"line":120,"column":12},"end":{"line":120,"column":48},"skip":true},"31":{"start":{"line":123,"column":8},"end":{"line":136,"column":10},"skip":true},"32":{"start":{"line":130,"column":12},"end":{"line":130,"column":76},"skip":true},"33":{"start":{"line":131,"column":12},"end":{"line":131,"column":73},"skip":true},"34":{"start":{"line":132,"column":12},"end":{"line":132,"column":74},"skip":true},"35":{"start":{"line":133,"column":12},"end":{"line":133,"column":79},"skip":true},"36":{"start":{"line":134,"column":12},"end":{"line":134,"column":25},"skip":true},"37":{"start":{"line":135,"column":12},"end":{"line":135,"column":45},"skip":true},"38":{"start":{"line":138,"column":8},"end":{"line":145,"column":14},"skip":true},"39":{"start":{"line":143,"column":16},"end":{"line":143,"column":29},"skip":true},"40":{"start":{"line":144,"column":16},"end":{"line":144,"column":55},"skip":true},"41":{"start":{"line":147,"column":8},"end":{"line":156,"column":10},"skip":true},"42":{"start":{"line":154,"column":12},"end":{"line":154,"column":25},"skip":true},"43":{"start":{"line":155,"column":12},"end":{"line":155,"column":45},"skip":true},"44":{"start":{"line":158,"column":8},"end":{"line":167,"column":10},"skip":true},"45":{"start":{"line":165,"column":12},"end":{"line":165,"column":25},"skip":true},"46":{"start":{"line":166,"column":12},"end":{"line":166,"column":48},"skip":true},"47":{"start":{"line":169,"column":8},"end":{"line":178,"column":10},"skip":true},"48":{"start":{"line":176,"column":12},"end":{"line":176,"column":25},"skip":true},"49":{"start":{"line":177,"column":12},"end":{"line":177,"column":46},"skip":true},"50":{"start":{"line":180,"column":8},"end":{"line":189,"column":10},"skip":true},"51":{"start":{"line":187,"column":12},"end":{"line":187,"column":94},"skip":true},"52":{"start":{"line":188,"column":12},"end":{"line":188,"column":48},"skip":true},"53":{"start":{"line":192,"column":8},"end":{"line":192,"column":35},"skip":true},"54":{"start":{"line":193,"column":8},"end":{"line":193,"column":14},"skip":true}},"branchMap":{"1":{"line":25,"type":"binary-expr","locations":[{"start":{"line":25,"column":23},"end":{"line":25,"column":62}},{"start":{"line":26,"column":20},"end":{"line":26,"column":70}},{"start":{"line":27,"column":20},"end":{"line":27,"column":71}},{"start":{"line":28,"column":20},"end":{"line":28,"column":29}}]},"2":{"line":30,"type":"binary-expr","locations":[{"start":{"line":30,"column":23},"end":{"line":30,"column":37}},{"start":{"line":31,"column":20},"end":{"line":31,"column":61}},{"start":{"line":32,"column":20},"end":{"line":32,"column":70}},{"start":{"line":33,"column":20},"end":{"line":33,"column":26}}]},"3":{"line":37,"type":"cond-expr","locations":[{"start":{"line":38,"column":14},"end":{"line":38,"column":20}},{"start":{"line":39,"column":14},"end":{"line":39,"column":20}}]},"4":{"line":40,"type":"switch","locations":[{"start":{"line":42,"column":8},"end":{"line":47,"column":18}},{"start":{"line":49,"column":8},"end":{"line":52,"column":18}}]},"5":{"line":44,"type":"binary-expr","locations":[{"start":{"line":44,"column":16},"end":{"line":44,"column":44}},{"start":{"line":44,"column":48},"end":{"line":44,"column":66}}]},"6":{"line":50,"type":"binary-expr","locations":[{"start":{"line":50,"column":21},"end":{"line":50,"column":49}},{"start":{"line":50,"column":53},"end":{"line":50,"column":72}}]},"7":{"line":64,"type":"switch","locations":[{"start":{"line":69,"column":4},"end":{"line":70,"column":14}},{"start":{"line":75,"column":4},"end":{"line":76,"column":14}}]},"8":{"line":85,"type":"switch","locations":[{"start":{"line":90,"column":4},"end":{"line":105,"column":14}},{"start":{"line":111,"column":4},"end":{"line":193,"column":14},"skip":true}]},"9":{"line":91,"type":"binary-expr","locations":[{"start":{"line":91,"column":42},"end":{"line":91,"column":73}},{"start":{"line":91,"column":77},"end":{"line":99,"column":9}}]},"10":{"line":102,"type":"binary-expr","locations":[{"start":{"line":102,"column":18},"end":{"line":102,"column":32}},{"start":{"line":103,"column":12},"end":{"line":103,"column":53}},{"start":{"line":104,"column":12},"end":{"line":104,"column":61}}]},"11":{"line":112,"type":"binary-expr","locations":[{"start":{"line":112,"column":45},"end":{"line":112,"column":79},"skip":true},{"start":{"line":112,"column":83},"end":{"line":121,"column":9},"skip":true}]},"12":{"line":123,"type":"binary-expr","locations":[{"start":{"line":123,"column":42},"end":{"line":123,"column":73},"skip":true},{"start":{"line":123,"column":77},"end":{"line":136,"column":9},"skip":true}]},"13":{"line":138,"type":"binary-expr","locations":[{"start":{"line":138,"column":48},"end":{"line":138,"column":85},"skip":true},{"start":{"line":139,"column":12},"end":{"line":145,"column":13},"skip":true}]},"14":{"line":147,"type":"binary-expr","locations":[{"start":{"line":147,"column":42},"end":{"line":147,"column":73},"skip":true},{"start":{"line":147,"column":77},"end":{"line":156,"column":9},"skip":true}]},"15":{"line":158,"type":"binary-expr","locations":[{"start":{"line":158,"column":45},"end":{"line":158,"column":79},"skip":true},{"start":{"line":158,"column":83},"end":{"line":167,"column":9},"skip":true}]},"16":{"line":169,"type":"binary-expr","locations":[{"start":{"line":169,"column":43},"end":{"line":169,"column":75},"skip":true},{"start":{"line":169,"column":79},"end":{"line":178,"column":9},"skip":true}]},"17":{"line":180,"type":"binary-expr","locations":[{"start":{"line":180,"column":41},"end":{"line":180,"column":71},"skip":true},{"start":{"line":180,"column":75},"end":{"line":189,"column":9},"skip":true}]}},"code":["/* istanbul instrument in package npmtest_electron_settings */","/*jslint","    bitwise: true,","    browser: true,","    maxerr: 8,","    maxlen: 96,","    node: true,","    nomen: true,","    regexp: true,","    stupid: true","*/","(function () {","    'use strict';","    var local;","","","","    // run shared js-env code - init-before","    (function () {","        // init local","        local = {};","        // init modeJs","        local.modeJs = (function () {","            try {","                return typeof navigator.userAgent === 'string' &&","                    typeof document.querySelector('body') === 'object' &&","                    typeof XMLHttpRequest.prototype.open === 'function' &&","                    'browser';","            } catch (errorCaughtBrowser) {","                return module.exports &&","                    typeof process.versions.node === 'string' &&","                    typeof require('http').createServer === 'function' &&","                    'node';","            }","        }());","        // init global","        local.global = local.modeJs === 'browser'","            ? window","            : global;","        switch (local.modeJs) {","        // re-init local from window.local","        case 'browser':","            local = local.global.utility2.objectSetDefault(","                local.global.utility2_rollup || local.global.local,","                local.global.utility2","            );","            break;","        // re-init local from example.js","        case 'node':","            local = (local.global.utility2_rollup || require('utility2'))","                .requireReadme();","            break;","        }","        // export local","        local.global.local = local;","    }());","","","","    // run shared js-env code - function","    (function () {","        return;","    }());","    switch (local.modeJs) {","","","","    // run browser js-env code - function","    case 'browser':","        break;","","","","    // run node js-env code - function","    case 'node':","        break;","    }","","","","    // run shared js-env code - init-after","    (function () {","        return;","    }());","    switch (local.modeJs) {","","","","    // run browser js-env code - init-after","    case 'browser':","        local.testCase_browser_nullCase = local.testCase_browser_nullCase || function (","            options,","            onError","        ) {","        /*","         * this function will test browsers's null-case handling-behavior-behavior","         */","            onError(null, options);","        };","","        // run tests","        local.nop(local.modeTest &&","            document.querySelector('#testRunButton1') &&","            document.querySelector('#testRunButton1').click());","        break;","","","","    // run node js-env code - init-after","    /* istanbul ignore next */","    case 'node':","        local.testCase_buildApidoc_default = local.testCase_buildApidoc_default || function (","            options,","            onError","        ) {","        /*","         * this function will test buildApidoc's default handling-behavior-behavior","         */","            options = { modulePathList: module.paths };","            local.buildApidoc(options, onError);","        };","","        local.testCase_buildApp_default = local.testCase_buildApp_default || function (","            options,","            onError","        ) {","        /*","         * this function will test buildApp's default handling-behavior-behavior","         */","            local.testCase_buildReadme_default(options, local.onErrorThrow);","            local.testCase_buildLib_default(options, local.onErrorThrow);","            local.testCase_buildTest_default(options, local.onErrorThrow);","            local.testCase_buildCustomOrg_default(options, local.onErrorThrow);","            options = [];","            local.buildApp(options, onError);","        };","","        local.testCase_buildCustomOrg_default = local.testCase_buildCustomOrg_default ||","            function (options, onError) {","            /*","             * this function will test buildCustomOrg's default handling-behavior","             */","                options = {};","                local.buildCustomOrg(options, onError);","            };","","        local.testCase_buildLib_default = local.testCase_buildLib_default || function (","            options,","            onError","        ) {","        /*","         * this function will test buildLib's default handling-behavior","         */","            options = {};","            local.buildLib(options, onError);","        };","","        local.testCase_buildReadme_default = local.testCase_buildReadme_default || function (","            options,","            onError","        ) {","        /*","         * this function will test buildReadme's default handling-behavior-behavior","         */","            options = {};","            local.buildReadme(options, onError);","        };","","        local.testCase_buildTest_default = local.testCase_buildTest_default || function (","            options,","            onError","        ) {","        /*","         * this function will test buildTest's default handling-behavior","         */","            options = {};","            local.buildTest(options, onError);","        };","","        local.testCase_webpage_default = local.testCase_webpage_default || function (","            options,","            onError","        ) {","        /*","         * this function will test webpage's default handling-behavior","         */","            options = { modeCoverageMerge: true, url: local.serverLocalHost + '?modeTest=1' };","            local.browserTest(options, onError);","        };","","        // run test-server","        local.testRunServer(local);","        break;","    }","}());",""],"l":{"12":2,"14":2,"19":2,"21":2,"23":2,"24":2,"25":2,"30":1,"37":2,"40":2,"43":1,"47":1,"50":1,"52":1,"55":2,"61":2,"62":2,"64":2,"70":1,"76":1,"82":2,"83":2,"85":2,"91":1,"98":1,"102":1,"105":1,"112":1,"119":1,"120":1,"123":1,"130":1,"131":1,"132":1,"133":1,"134":1,"135":1,"138":1,"143":2,"144":2,"147":1,"154":2,"155":2,"158":1,"165":2,"166":2,"169":1,"176":2,"177":2,"180":1,"187":1,"188":1,"192":1,"193":1}},"/home/travis/build/npmtest/node-npmtest-electron-settings/lib.npmtest_electron_settings.js":{"path":"/home/travis/build/npmtest/node-npmtest-electron-settings/lib.npmtest_electron_settings.js","s":{"1":2,"2":2,"3":2,"4":2,"5":2,"6":2,"7":2,"8":1,"9":2,"10":2,"11":2,"12":2,"13":1,"14":1,"15":1,"16":1},"b":{"1":[2,1,1,1],"2":[1,1,1,1],"3":[1,1],"4":[2,2],"5":[1,1]},"f":{"1":2,"2":2,"3":2},"fnMap":{"1":{"name":"(anonymous_1)","line":12,"loc":{"start":{"line":12,"column":1},"end":{"line":12,"column":13}}},"2":{"name":"(anonymous_2)","line":19,"loc":{"start":{"line":19,"column":5},"end":{"line":19,"column":17}}},"3":{"name":"(anonymous_3)","line":23,"loc":{"start":{"line":23,"column":24},"end":{"line":23,"column":36}}}},"statementMap":{"1":{"start":{"line":12,"column":0},"end":{"line":53,"column":5}},"2":{"start":{"line":14,"column":4},"end":{"line":14,"column":14}},"3":{"start":{"line":19,"column":4},"end":{"line":52,"column":9}},"4":{"start":{"line":21,"column":8},"end":{"line":21,"column":19}},"5":{"start":{"line":23,"column":8},"end":{"line":35,"column":13}},"6":{"start":{"line":24,"column":12},"end":{"line":34,"column":13}},"7":{"start":{"line":25,"column":16},"end":{"line":28,"column":30}},"8":{"start":{"line":30,"column":16},"end":{"line":33,"column":27}},"9":{"start":{"line":37,"column":8},"end":{"line":39,"column":21}},"10":{"start":{"line":41,"column":8},"end":{"line":41,"column":54}},"11":{"start":{"line":43,"column":8},"end":{"line":43,"column":62}},"12":{"start":{"line":45,"column":8},"end":{"line":51,"column":9}},"13":{"start":{"line":46,"column":12},"end":{"line":46,"column":68}},"14":{"start":{"line":48,"column":12},"end":{"line":48,"column":35}},"15":{"start":{"line":49,"column":12},"end":{"line":49,"column":49}},"16":{"start":{"line":50,"column":12},"end":{"line":50,"column":43}}},"branchMap":{"1":{"line":25,"type":"binary-expr","locations":[{"start":{"line":25,"column":23},"end":{"line":25,"column":62}},{"start":{"line":26,"column":20},"end":{"line":26,"column":70}},{"start":{"line":27,"column":20},"end":{"line":27,"column":71}},{"start":{"line":28,"column":20},"end":{"line":28,"column":29}}]},"2":{"line":30,"type":"binary-expr","locations":[{"start":{"line":30,"column":23},"end":{"line":30,"column":37}},{"start":{"line":31,"column":20},"end":{"line":31,"column":61}},{"start":{"line":32,"column":20},"end":{"line":32,"column":70}},{"start":{"line":33,"column":20},"end":{"line":33,"column":26}}]},"3":{"line":37,"type":"cond-expr","locations":[{"start":{"line":38,"column":14},"end":{"line":38,"column":20}},{"start":{"line":39,"column":14},"end":{"line":39,"column":20}}]},"4":{"line":41,"type":"binary-expr","locations":[{"start":{"line":41,"column":16},"end":{"line":41,"column":44}},{"start":{"line":41,"column":48},"end":{"line":41,"column":53}}]},"5":{"line":45,"type":"if","locations":[{"start":{"line":45,"column":8},"end":{"line":45,"column":8}},{"start":{"line":45,"column":8},"end":{"line":45,"column":8}}]}},"code":["/* istanbul instrument in package npmtest_electron_settings */","/*jslint","    bitwise: true,","    browser: true,","    maxerr: 8,","    maxlen: 96,","    node: true,","    nomen: true,","    regexp: true,","    stupid: true","*/","(function () {","    'use strict';","    var local;","","","","    // run shared js-env code - init-before","    (function () {","        // init local","        local = {};","        // init modeJs","        local.modeJs = (function () {","            try {","                return typeof navigator.userAgent === 'string' &&","                    typeof document.querySelector('body') === 'object' &&","                    typeof XMLHttpRequest.prototype.open === 'function' &&","                    'browser';","            } catch (errorCaughtBrowser) {","                return module.exports &&","                    typeof process.versions.node === 'string' &&","                    typeof require('http').createServer === 'function' &&","                    'node';","            }","        }());","        // init global","        local.global = local.modeJs === 'browser'","            ? window","            : global;","        // init utility2_rollup","        local = local.global.utility2_rollup || local;","        // init lib","        local.local = local.npmtest_electron_settings = local;","        // init exports","        if (local.modeJs === 'browser') {","            local.global.utility2_npmtest_electron_settings = local;","        } else {","            module.exports = local;","            module.exports.__dirname = __dirname;","            module.exports.module = module;","        }","    }());","}());",""],"l":{"12":2,"14":2,"19":2,"21":2,"23":2,"24":2,"25":2,"30":1,"37":2,"41":2,"43":2,"45":2,"46":1,"48":1,"49":1,"50":1}},"/home/travis/build/npmtest/node-npmtest-electron-settings/example.js":{"path":"/home/travis/build/npmtest/node-npmtest-electron-settings/example.js","s":{"1":2,"2":2,"3":2,"4":2,"5":2,"6":2,"7":2,"8":1,"9":2,"10":2,"11":2,"12":2,"13":1,"14":2,"15":2,"16":2,"17":2,"18":2,"19":0,"20":2,"21":1,"22":1,"23":1,"24":1,"25":1,"26":0,"27":0,"28":1,"29":1,"30":2,"31":0,"32":0,"33":0,"34":1,"35":2,"36":2,"37":3,"38":3,"39":3,"40":3,"41":0,"42":3,"43":3,"44":3,"45":1,"46":3,"47":1,"48":1,"49":1,"50":1,"51":1,"52":1,"53":1,"54":1,"55":1,"56":1,"57":0,"58":1,"59":6,"60":6,"61":1,"62":2,"63":0,"64":2,"65":1,"66":1,"67":0,"68":0,"69":0,"70":0,"71":0,"72":0,"73":0,"74":0,"75":0,"76":0,"77":0,"78":0,"79":0,"80":0,"81":0,"82":0,"83":0},"b":{"1":[2,1,1,1],"2":[1,1,1,1],"3":[1,1],"4":[2,2],"5":[1,1],"6":[1,1],"7":[2,0],"8":[2,1,1,1,1,1],"9":[0,2,0],"10":[1,1],"11":[2,1,1],"12":[1,0],"13":[0,2],"14":[2,0,0,0,0,0,0],"15":[0,3],"16":[3,0],"17":[1,1],"18":[0,1],"19":[1,2,0,2],"20":[1,0],"21":[1,1],"22":[0,0],"23":[0,0],"24":[0,0],"25":[0,0],"26":[0,0],"27":[0,0],"28":[0,0]},"f":{"1":2,"2":2,"3":2,"4":2,"5":2,"6":2,"7":3,"8":3,"9":3,"10":1,"11":6,"12":0},"fnMap":{"1":{"name":"(anonymous_1)","line":26,"loc":{"start":{"line":26,"column":1},"end":{"line":26,"column":13}}},"2":{"name":"(anonymous_2)","line":33,"loc":{"start":{"line":33,"column":5},"end":{"line":33,"column":17}}},"3":{"name":"(anonymous_3)","line":37,"loc":{"start":{"line":37,"column":24},"end":{"line":37,"column":36}}},"4":{"name":"(anonymous_4)","line":69,"loc":{"start":{"line":69,"column":31},"end":{"line":69,"column":48}},"skip":true},"5":{"name":"(anonymous_5)","line":78,"loc":{"start":{"line":78,"column":26},"end":{"line":78,"column":45}},"skip":true},"6":{"name":"(anonymous_6)","line":123,"loc":{"start":{"line":123,"column":33},"end":{"line":123,"column":48}},"skip":true},"7":{"name":"(anonymous_7)","line":125,"loc":{"start":{"line":125,"column":27},"end":{"line":125,"column":39}},"skip":true},"8":{"name":"(anonymous_8)","line":133,"loc":{"start":{"line":133,"column":59},"end":{"line":133,"column":74}},"skip":true},"9":{"name":"(anonymous_9)","line":143,"loc":{"start":{"line":143,"column":45},"end":{"line":143,"column":62}},"skip":true},"10":{"name":"(anonymous_10)","line":144,"loc":{"start":{"line":144,"column":73},"end":{"line":144,"column":92}},"skip":true},"11":{"name":"(anonymous_11)","line":272,"loc":{"start":{"line":272,"column":51},"end":{"line":272,"column":77}},"skip":true},"12":{"name":"(anonymous_12)","line":315,"loc":{"start":{"line":315,"column":32},"end":{"line":315,"column":61}},"skip":true}},"statementMap":{"1":{"start":{"line":26,"column":0},"end":{"line":326,"column":5}},"2":{"start":{"line":28,"column":4},"end":{"line":28,"column":14}},"3":{"start":{"line":33,"column":4},"end":{"line":60,"column":9}},"4":{"start":{"line":35,"column":8},"end":{"line":35,"column":19}},"5":{"start":{"line":37,"column":8},"end":{"line":49,"column":13}},"6":{"start":{"line":38,"column":12},"end":{"line":48,"column":13}},"7":{"start":{"line":39,"column":16},"end":{"line":42,"column":30}},"8":{"start":{"line":44,"column":16},"end":{"line":47,"column":27}},"9":{"start":{"line":51,"column":8},"end":{"line":53,"column":21}},"10":{"start":{"line":55,"column":8},"end":{"line":57,"column":45}},"11":{"start":{"line":59,"column":8},"end":{"line":59,"column":35}},"12":{"start":{"line":61,"column":4},"end":{"line":325,"column":5}},"13":{"start":{"line":69,"column":8},"end":{"line":121,"column":10},"skip":true},"14":{"start":{"line":70,"column":12},"end":{"line":88,"column":13},"skip":true},"15":{"start":{"line":76,"column":16},"end":{"line":87,"column":19},"skip":true},"16":{"start":{"line":79,"column":20},"end":{"line":86,"column":21},"skip":true},"17":{"start":{"line":82,"column":24},"end":{"line":82,"column":43},"skip":true},"18":{"start":{"line":83,"column":24},"end":{"line":83,"column":30},"skip":true},"19":{"start":{"line":85,"column":24},"end":{"line":85,"column":49},"skip":true},"20":{"start":{"line":89,"column":12},"end":{"line":107,"column":13},"skip":true},"21":{"start":{"line":92,"column":16},"end":{"line":102,"column":17},"skip":true},"22":{"start":{"line":93,"column":20},"end":{"line":93,"column":86},"skip":true},"23":{"start":{"line":94,"column":20},"end":{"line":95,"column":45},"skip":true},"24":{"start":{"line":96,"column":20},"end":{"line":96,"column":42},"skip":true},"25":{"start":{"line":97,"column":20},"end":{"line":97,"column":48},"skip":true},"26":{"start":{"line":100,"column":20},"end":{"line":100,"column":85},"skip":true},"27":{"start":{"line":101,"column":20},"end":{"line":101,"column":96},"skip":true},"28":{"start":{"line":103,"column":16},"end":{"line":103,"column":22},"skip":true},"29":{"start":{"line":106,"column":16},"end":{"line":106,"column":22},"skip":true},"30":{"start":{"line":108,"column":12},"end":{"line":120,"column":13},"skip":true},"31":{"start":{"line":114,"column":16},"end":{"line":119,"column":17},"skip":true},"32":{"start":{"line":116,"column":20},"end":{"line":116,"column":78},"skip":true},"33":{"start":{"line":118,"column":20},"end":{"line":118,"column":47},"skip":true},"34":{"start":{"line":123,"column":8},"end":{"line":141,"column":11},"skip":true},"35":{"start":{"line":124,"column":12},"end":{"line":124,"column":54},"skip":true},"36":{"start":{"line":125,"column":12},"end":{"line":140,"column":14},"skip":true},"37":{"start":{"line":126,"column":16},"end":{"line":126,"column":28},"skip":true},"38":{"start":{"line":127,"column":16},"end":{"line":127,"column":69},"skip":true},"39":{"start":{"line":128,"column":16},"end":{"line":128,"column":75},"skip":true},"40":{"start":{"line":129,"column":16},"end":{"line":131,"column":17},"skip":true},"41":{"start":{"line":130,"column":20},"end":{"line":130,"column":27},"skip":true},"42":{"start":{"line":133,"column":16},"end":{"line":137,"column":36},"skip":true},"43":{"start":{"line":134,"column":20},"end":{"line":136,"column":55},"skip":true},"44":{"start":{"line":139,"column":16},"end":{"line":139,"column":57},"skip":true},"45":{"start":{"line":143,"column":8},"end":{"line":147,"column":11},"skip":true},"46":{"start":{"line":144,"column":12},"end":{"line":146,"column":15},"skip":true},"47":{"start":{"line":145,"column":16},"end":{"line":145,"column":70},"skip":true},"48":{"start":{"line":149,"column":8},"end":{"line":149,"column":31},"skip":true},"49":{"start":{"line":150,"column":8},"end":{"line":150,"column":14},"skip":true},"50":{"start":{"line":158,"column":8},"end":{"line":158,"column":31},"skip":true},"51":{"start":{"line":160,"column":8},"end":{"line":160,"column":33},"skip":true},"52":{"start":{"line":161,"column":8},"end":{"line":161,"column":37},"skip":true},"53":{"start":{"line":162,"column":8},"end":{"line":162,"column":35},"skip":true},"54":{"start":{"line":164,"column":8},"end":{"line":164,"column":50},"skip":true},"55":{"start":{"line":166,"column":8},"end":{"line":256,"column":2},"skip":true},"56":{"start":{"line":258,"column":8},"end":{"line":286,"column":9},"skip":true},"57":{"start":{"line":259,"column":12},"end":{"line":269,"column":14},"skip":true},"58":{"start":{"line":271,"column":12},"end":{"line":285,"column":19},"skip":true},"59":{"start":{"line":274,"column":20},"end":{"line":274,"column":35},"skip":true},"60":{"start":{"line":275,"column":20},"end":{"line":284,"column":21},"skip":true},"61":{"start":{"line":277,"column":24},"end":{"line":277,"column":64},"skip":true},"62":{"start":{"line":279,"column":24},"end":{"line":279,"column":40},"skip":true},"63":{"start":{"line":281,"column":24},"end":{"line":281,"column":40},"skip":true},"64":{"start":{"line":283,"column":24},"end":{"line":283,"column":39},"skip":true},"65":{"start":{"line":288,"column":8},"end":{"line":290,"column":9},"skip":true},"66":{"start":{"line":289,"column":12},"end":{"line":289,"column":18},"skip":true},"67":{"start":{"line":291,"column":8},"end":{"line":293,"column":54},"skip":true},"68":{"start":{"line":296,"column":8},"end":{"line":301,"column":37},"skip":true},"69":{"start":{"line":303,"column":8},"end":{"line":303,"column":82},"skip":true},"70":{"start":{"line":306,"column":8},"end":{"line":308,"column":9},"skip":true},"71":{"start":{"line":307,"column":12},"end":{"line":307,"column":82},"skip":true},"72":{"start":{"line":310,"column":8},"end":{"line":312,"column":9},"skip":true},"73":{"start":{"line":311,"column":12},"end":{"line":311,"column":18},"skip":true},"74":{"start":{"line":313,"column":8},"end":{"line":313,"column":54},"skip":true},"75":{"start":{"line":314,"column":8},"end":{"line":314,"column":69},"skip":true},"76":{"start":{"line":315,"column":8},"end":{"line":323,"column":36},"skip":true},"77":{"start":{"line":316,"column":12},"end":{"line":316,"column":61},"skip":true},"78":{"start":{"line":317,"column":12},"end":{"line":320,"column":13},"skip":true},"79":{"start":{"line":318,"column":16},"end":{"line":318,"column":75},"skip":true},"80":{"start":{"line":319,"column":16},"end":{"line":319,"column":23},"skip":true},"81":{"start":{"line":321,"column":12},"end":{"line":321,"column":38},"skip":true},"82":{"start":{"line":322,"column":12},"end":{"line":322,"column":27},"skip":true},"83":{"start":{"line":324,"column":8},"end":{"line":324,"column":14},"skip":true}},"branchMap":{"1":{"line":39,"type":"binary-expr","locations":[{"start":{"line":39,"column":23},"end":{"line":39,"column":62}},{"start":{"line":40,"column":20},"end":{"line":40,"column":70}},{"start":{"line":41,"column":20},"end":{"line":41,"column":71}},{"start":{"line":42,"column":20},"end":{"line":42,"column":29}}]},"2":{"line":44,"type":"binary-expr","locations":[{"start":{"line":44,"column":23},"end":{"line":44,"column":37}},{"start":{"line":45,"column":20},"end":{"line":45,"column":61}},{"start":{"line":46,"column":20},"end":{"line":46,"column":70}},{"start":{"line":47,"column":20},"end":{"line":47,"column":26}}]},"3":{"line":51,"type":"cond-expr","locations":[{"start":{"line":52,"column":14},"end":{"line":52,"column":20}},{"start":{"line":53,"column":14},"end":{"line":53,"column":20}}]},"4":{"line":55,"type":"binary-expr","locations":[{"start":{"line":55,"column":16},"end":{"line":55,"column":44}},{"start":{"line":55,"column":49},"end":{"line":57,"column":43}}]},"5":{"line":55,"type":"cond-expr","locations":[{"start":{"line":56,"column":14},"end":{"line":56,"column":61}},{"start":{"line":57,"column":14},"end":{"line":57,"column":43}}]},"6":{"line":61,"type":"switch","locations":[{"start":{"line":68,"column":4},"end":{"line":150,"column":14},"skip":true},{"start":{"line":156,"column":4},"end":{"line":324,"column":14},"skip":true}]},"7":{"line":70,"type":"if","locations":[{"start":{"line":70,"column":12},"end":{"line":70,"column":12},"skip":true},{"start":{"line":70,"column":12},"end":{"line":70,"column":12},"skip":true}]},"8":{"line":70,"type":"binary-expr","locations":[{"start":{"line":70,"column":16},"end":{"line":70,"column":22},"skip":true},{"start":{"line":70,"column":27},"end":{"line":70,"column":32},"skip":true},{"start":{"line":71,"column":20},"end":{"line":71,"column":39},"skip":true},{"start":{"line":72,"column":20},"end":{"line":72,"column":49},"skip":true},{"start":{"line":73,"column":20},"end":{"line":73,"column":58},"skip":true},{"start":{"line":74,"column":20},"end":{"line":74,"column":69},"skip":true}]},"9":{"line":79,"type":"switch","locations":[{"start":{"line":80,"column":20},"end":{"line":80,"column":33},"skip":true},{"start":{"line":81,"column":20},"end":{"line":83,"column":30},"skip":true},{"start":{"line":84,"column":20},"end":{"line":85,"column":49},"skip":true}]},"10":{"line":89,"type":"switch","locations":[{"start":{"line":90,"column":12},"end":{"line":103,"column":22},"skip":true},{"start":{"line":105,"column":12},"end":{"line":106,"column":22},"skip":true}]},"11":{"line":89,"type":"binary-expr","locations":[{"start":{"line":89,"column":20},"end":{"line":89,"column":25},"skip":true},{"start":{"line":89,"column":29},"end":{"line":89,"column":48},"skip":true},{"start":{"line":89,"column":52},"end":{"line":89,"column":74},"skip":true}]},"12":{"line":92,"type":"if","locations":[{"start":{"line":92,"column":16},"end":{"line":92,"column":16},"skip":true},{"start":{"line":92,"column":16},"end":{"line":92,"column":16},"skip":true}]},"13":{"line":108,"type":"if","locations":[{"start":{"line":108,"column":12},"end":{"line":108,"column":12},"skip":true},{"start":{"line":108,"column":12},"end":{"line":108,"column":12},"skip":true}]},"14":{"line":108,"type":"binary-expr","locations":[{"start":{"line":108,"column":16},"end":{"line":108,"column":61},"skip":true},{"start":{"line":108,"column":66},"end":{"line":108,"column":72},"skip":true},{"start":{"line":108,"column":77},"end":{"line":108,"column":82},"skip":true},{"start":{"line":109,"column":20},"end":{"line":109,"column":39},"skip":true},{"start":{"line":110,"column":20},"end":{"line":110,"column":49},"skip":true},{"start":{"line":111,"column":20},"end":{"line":111,"column":58},"skip":true},{"start":{"line":112,"column":20},"end":{"line":112,"column":68},"skip":true}]},"15":{"line":129,"type":"if","locations":[{"start":{"line":129,"column":16},"end":{"line":129,"column":16},"skip":true},{"start":{"line":129,"column":16},"end":{"line":129,"column":16},"skip":true}]},"16":{"line":134,"type":"cond-expr","locations":[{"start":{"line":135,"column":26},"end":{"line":135,"column":29},"skip":true},{"start":{"line":136,"column":26},"end":{"line":136,"column":54},"skip":true}]},"17":{"line":164,"type":"binary-expr","locations":[{"start":{"line":164,"column":27},"end":{"line":164,"column":43},"skip":true},{"start":{"line":164,"column":47},"end":{"line":164,"column":49},"skip":true}]},"18":{"line":258,"type":"if","locations":[{"start":{"line":258,"column":8},"end":{"line":258,"column":8},"skip":true},{"start":{"line":258,"column":8},"end":{"line":258,"column":8},"skip":true}]},"19":{"line":275,"type":"switch","locations":[{"start":{"line":276,"column":20},"end":{"line":277,"column":64},"skip":true},{"start":{"line":278,"column":20},"end":{"line":279,"column":40},"skip":true},{"start":{"line":280,"column":20},"end":{"line":281,"column":40},"skip":true},{"start":{"line":282,"column":20},"end":{"line":283,"column":39},"skip":true}]},"20":{"line":288,"type":"if","locations":[{"start":{"line":288,"column":8},"end":{"line":288,"column":8},"skip":true},{"start":{"line":288,"column":8},"end":{"line":288,"column":8},"skip":true}]},"21":{"line":288,"type":"binary-expr","locations":[{"start":{"line":288,"column":12},"end":{"line":288,"column":40},"skip":true},{"start":{"line":288,"column":44},"end":{"line":288,"column":67},"skip":true}]},"22":{"line":292,"type":"binary-expr","locations":[{"start":{"line":292,"column":12},"end":{"line":292,"column":50},"skip":true},{"start":{"line":293,"column":12},"end":{"line":293,"column":53},"skip":true}]},"23":{"line":297,"type":"binary-expr","locations":[{"start":{"line":297,"column":12},"end":{"line":297,"column":75},"skip":true},{"start":{"line":298,"column":12},"end":{"line":301,"column":36},"skip":true}]},"24":{"line":303,"type":"binary-expr","locations":[{"start":{"line":303,"column":43},"end":{"line":303,"column":75},"skip":true},{"start":{"line":303,"column":79},"end":{"line":303,"column":81},"skip":true}]},"25":{"line":306,"type":"if","locations":[{"start":{"line":306,"column":8},"end":{"line":306,"column":8},"skip":true},{"start":{"line":306,"column":8},"end":{"line":306,"column":8},"skip":true}]},"26":{"line":310,"type":"if","locations":[{"start":{"line":310,"column":8},"end":{"line":310,"column":8},"skip":true},{"start":{"line":310,"column":8},"end":{"line":310,"column":8},"skip":true}]},"27":{"line":313,"type":"binary-expr","locations":[{"start":{"line":313,"column":27},"end":{"line":313,"column":43},"skip":true},{"start":{"line":313,"column":47},"end":{"line":313,"column":53},"skip":true}]},"28":{"line":317,"type":"if","locations":[{"start":{"line":317,"column":12},"end":{"line":317,"column":12},"skip":true},{"start":{"line":317,"column":12},"end":{"line":317,"column":12},"skip":true}]}},"code":["/*","example.js","","quickstart example","","instruction","    1. save this script as example.js","    2. run the shell command:","        $ npm install npmtest-electron-settings && PORT=8081 node example.js","    3. play with the browser-demo on http://127.0.0.1:8081","*/","","","","/* istanbul instrument in package npmtest_electron_settings */","/*jslint","    bitwise: true,","    browser: true,","    maxerr: 8,","    maxlen: 96,","    node: true,","    nomen: true,","    regexp: true,","    stupid: true","*/","(function () {","    'use strict';","    var local;","","","","    // run shared js-env code - init-before","    (function () {","        // init local","        local = {};","        // init modeJs","        local.modeJs = (function () {","            try {","                return typeof navigator.userAgent === 'string' &&","                    typeof document.querySelector('body') === 'object' &&","                    typeof XMLHttpRequest.prototype.open === 'function' &&","                    'browser';","            } catch (errorCaughtBrowser) {","                return module.exports &&","                    typeof process.versions.node === 'string' &&","                    typeof require('http').createServer === 'function' &&","                    'node';","            }","        }());","        // init global","        local.global = local.modeJs === 'browser'","            ? window","            : global;","        // init utility2_rollup","        local = local.global.utility2_rollup || (local.modeJs === 'browser'","            ? local.global.utility2_npmtest_electron_settings","            : global.utility2_moduleExports);","        // export local","        local.global.local = local;","    }());","    switch (local.modeJs) {","","","","    // init-after","    // run browser js-env code - init-after","    /* istanbul ignore next */","    case 'browser':","        local.testRunBrowser = function (event) {","            if (!event || (event &&","                    event.currentTarget &&","                    event.currentTarget.className &&","                    event.currentTarget.className.includes &&","                    event.currentTarget.className.includes('onreset'))) {","                // reset output","                Array.from(","                    document.querySelectorAll('body > .resettable')","                ).forEach(function (element) {","                    switch (element.tagName) {","                    case 'INPUT':","                    case 'TEXTAREA':","                        element.value = '';","                        break;","                    default:","                        element.textContent = '';","                    }","                });","            }","            switch (event && event.currentTarget && event.currentTarget.id) {","            case 'testRunButton1':","                // show tests","                if (document.querySelector('#testReportDiv1').style.display === 'none') {","                    document.querySelector('#testReportDiv1').style.display = 'block';","                    document.querySelector('#testRunButton1').textContent =","                        'hide internal test';","                    local.modeTest = true;","                    local.testRunDefault(local);","                // hide tests","                } else {","                    document.querySelector('#testReportDiv1').style.display = 'none';","                    document.querySelector('#testRunButton1').textContent = 'run internal test';","                }","                break;","            // custom-case","            default:","                break;","            }","            if (document.querySelector('#inputTextareaEval1') && (!event || (event &&","                    event.currentTarget &&","                    event.currentTarget.className &&","                    event.currentTarget.className.includes &&","                    event.currentTarget.className.includes('oneval')))) {","                // try to eval input-code","                try {","                    /*jslint evil: true*/","                    eval(document.querySelector('#inputTextareaEval1').value);","                } catch (errorCaught) {","                    console.error(errorCaught);","                }","            }","        };","        // log stderr and stdout to #outputTextareaStdout1","        ['error', 'log'].forEach(function (key) {","            console[key + '_original'] = console[key];","            console[key] = function () {","                var element;","                console[key + '_original'].apply(console, arguments);","                element = document.querySelector('#outputTextareaStdout1');","                if (!element) {","                    return;","                }","                // append text to #outputTextareaStdout1","                element.value += Array.from(arguments).map(function (arg) {","                    return typeof arg === 'string'","                        ? arg","                        : JSON.stringify(arg, null, 4);","                }).join(' ') + '\\n';","                // scroll textarea to bottom","                element.scrollTop = element.scrollHeight;","            };","        });","        // init event-handling","        ['change', 'click', 'keyup'].forEach(function (event) {","            Array.from(document.querySelectorAll('.on' + event)).forEach(function (element) {","                element.addEventListener(event, local.testRunBrowser);","            });","        });","        // run tests","        local.testRunBrowser();","        break;","","","","    // run node js-env code - init-after","    /* istanbul ignore next */","    case 'node':","        // export local","        module.exports = local;","        // require modules","        local.fs = require('fs');","        local.http = require('http');","        local.url = require('url');","        // init assets","        local.assetsDict = local.assetsDict || {};","        /* jslint-ignore-begin */","        local.assetsDict['/assets.index.template.html'] = '\\","<!doctype html>\\n\\","<html lang=\"en\">\\n\\","<head>\\n\\","<meta charset=\"UTF-8\">\\n\\","<meta name=\"viewport\" content=\"width=device-width, initial-scale=1\">\\n\\","<title>{{env.npm_package_name}} (v{{env.npm_package_version}})</title>\\n\\","<style>\\n\\","/*csslint\\n\\","    box-sizing: false,\\n\\","    universal-selector: false\\n\\","*/\\n\\","* {\\n\\","    box-sizing: border-box;\\n\\","}\\n\\","body {\\n\\","    background: #dde;\\n\\","    font-family: Arial, Helvetica, sans-serif;\\n\\","    margin: 2rem;\\n\\","}\\n\\","body > * {\\n\\","    margin-bottom: 1rem;\\n\\","}\\n\\",".utility2FooterDiv {\\n\\","    margin-top: 20px;\\n\\","    text-align: center;\\n\\","}\\n\\","</style>\\n\\","<style>\\n\\","/*csslint\\n\\","*/\\n\\","textarea {\\n\\","    font-family: monospace;\\n\\","    height: 10rem;\\n\\","    width: 100%;\\n\\","}\\n\\","textarea[readonly] {\\n\\","    background: #ddd;\\n\\","}\\n\\","</style>\\n\\","</head>\\n\\","<body>\\n\\","<!-- utility2-comment\\n\\","<div id=\"ajaxProgressDiv1\" style=\"background: #d00; height: 2px; left: 0; margin: 0; padding: 0; position: fixed; top: 0; transition: background 0.5s, width 1.5s; width: 25%;\"></div>\\n\\","utility2-comment -->\\n\\","<h1>\\n\\","<!-- utility2-comment\\n\\","    <a\\n\\","        {{#if env.npm_package_homepage}}\\n\\","        href=\"{{env.npm_package_homepage}}\"\\n\\","        {{/if env.npm_package_homepage}}\\n\\","        target=\"_blank\"\\n\\","    >\\n\\","utility2-comment -->\\n\\","        {{env.npm_package_name}} (v{{env.npm_package_version}})\\n\\","<!-- utility2-comment\\n\\","    </a>\\n\\","utility2-comment -->\\n\\","</h1>\\n\\","<h3>{{env.npm_package_description}}</h3>\\n\\","<!-- utility2-comment\\n\\","<h4><a download href=\"assets.app.js\">download standalone app</a></h4>\\n\\","<button class=\"onclick onreset\" id=\"testRunButton1\">run internal test</button><br>\\n\\","<div id=\"testReportDiv1\" style=\"display: none;\"></div>\\n\\","utility2-comment -->\\n\\","\\n\\","\\n\\","\\n\\","<label>stderr and stdout</label>\\n\\","<textarea class=\"resettable\" id=\"outputTextareaStdout1\" readonly></textarea>\\n\\","<!-- utility2-comment\\n\\","{{#if isRollup}}\\n\\","<script src=\"assets.app.js\"></script>\\n\\","{{#unless isRollup}}\\n\\","utility2-comment -->\\n\\","<script src=\"assets.utility2.rollup.js\"></script>\\n\\","<script src=\"jsonp.utility2._stateInit?callback=window.utility2._stateInit\"></script>\\n\\","<script src=\"assets.npmtest_electron_settings.rollup.js\"></script>\\n\\","<script src=\"assets.example.js\"></script>\\n\\","<script src=\"assets.test.js\"></script>\\n\\","<!-- utility2-comment\\n\\","{{/if isRollup}}\\n\\","utility2-comment -->\\n\\","<div class=\"utility2FooterDiv\">\\n\\","    [ this app was created with\\n\\","    <a href=\"https://github.com/kaizhu256/node-utility2\" target=\"_blank\">utility2</a>\\n\\","    ]\\n\\","</div>\\n\\","</body>\\n\\","</html>\\n\\","';","        /* jslint-ignore-end */","        if (local.templateRender) {","            local.assetsDict['/'] = local.templateRender(","                local.assetsDict['/assets.index.template.html'],","                {","                    env: local.objectSetDefault(local.env, {","                        npm_package_description: 'the greatest app in the world!',","                        npm_package_name: 'my-app',","                        npm_package_nameAlias: 'my_app',","                        npm_package_version: '0.0.1'","                    })","                }","            );","        } else {","            local.assetsDict['/'] = local.assetsDict['/assets.index.template.html']","                .replace((/\\{\\{env\\.(\\w+?)\\}\\}/g), function (match0, match1) {","                    // jslint-hack","                    String(match0);","                    switch (match1) {","                    case 'npm_package_description':","                        return 'the greatest app in the world!';","                    case 'npm_package_name':","                        return 'my-app';","                    case 'npm_package_nameAlias':","                        return 'my_app';","                    case 'npm_package_version':","                        return '0.0.1';","                    }","                });","        }","        // run the cli","        if (local.global.utility2_rollup || module !== require.main) {","            break;","        }","        local.assetsDict['/assets.example.js'] =","            local.assetsDict['/assets.example.js'] ||","            local.fs.readFileSync(__filename, 'utf8');","        // bug-workaround - long $npm_package_buildCustomOrg","        /* jslint-ignore-begin */","        local.assetsDict['/assets.npmtest_electron_settings.rollup.js'] =","            local.assetsDict['/assets.npmtest_electron_settings.rollup.js'] ||","            local.fs.readFileSync(","                local.npmtest_electron_settings.__dirname + '/lib.npmtest_electron_settings.js',","                'utf8'","            ).replace((/^#!/), '//');","        /* jslint-ignore-end */","        local.assetsDict['/favicon.ico'] = local.assetsDict['/favicon.ico'] || '';","        // if $npm_config_timeout_exit exists,","        // then exit this process after $npm_config_timeout_exit ms","        if (Number(process.env.npm_config_timeout_exit)) {","            setTimeout(process.exit, Number(process.env.npm_config_timeout_exit));","        }","        // start server","        if (local.global.utility2_serverHttp1) {","            break;","        }","        process.env.PORT = process.env.PORT || '8081';","        console.error('server starting on port ' + process.env.PORT);","        local.http.createServer(function (request, response) {","            request.urlParsed = local.url.parse(request.url);","            if (local.assetsDict[request.urlParsed.pathname] !== undefined) {","                response.end(local.assetsDict[request.urlParsed.pathname]);","                return;","            }","            response.statusCode = 404;","            response.end();","        }).listen(process.env.PORT);","        break;","    }","}());",""],"l":{"26":2,"28":2,"33":2,"35":2,"37":2,"38":2,"39":2,"44":1,"51":2,"55":2,"59":2,"61":2,"69":1,"70":2,"76":2,"79":2,"82":2,"83":2,"85":1,"89":2,"92":1,"93":1,"94":1,"96":1,"97":1,"100":1,"101":1,"103":1,"106":1,"108":2,"114":1,"116":1,"118":1,"123":1,"124":2,"125":2,"126":3,"127":3,"128":3,"129":3,"130":1,"133":3,"134":3,"139":3,"143":1,"144":3,"145":1,"149":1,"150":1,"158":1,"160":1,"161":1,"162":1,"164":1,"166":1,"258":1,"259":1,"271":1,"274":6,"275":6,"277":1,"279":2,"281":1,"283":2,"288":1,"289":1,"291":1,"296":1,"303":1,"306":1,"307":1,"310":1,"311":1,"313":1,"314":1,"315":1,"316":1,"317":1,"318":1,"319":1,"321":1,"322":1,"324":1}},"/home/travis/build/npmtest/node-npmtest-electron-settings/node_modules/electron-settings/index.js":{"path":"/home/travis/build/npmtest/node-npmtest-electron-settings/node_modules/electron-settings/index.js","s":{"1":2,"2":0},"b":{},"f":{},"fnMap":{},"statementMap":{"1":{"start":{"line":10,"column":0},"end":{"line":10,"column":43}},"2":{"start":{"line":12,"column":0},"end":{"line":12,"column":32}}},"branchMap":{},"code":["/**"," * A simple persistent user settings framework for Electron."," *"," * @module main"," * @author Nathan Buchar"," * @copyright 2016-2017 Nathan Buchar <hello@nathanbuchar.com>"," * @license ISC"," */","","const Settings = require('./lib/settings');","","module.exports = new Settings();",""],"l":{"10":2,"12":0}},"/home/travis/build/npmtest/node-npmtest-electron-settings/node_modules/electron-settings/lib/settings.js":{"path":"/home/travis/build/npmtest/node-npmtest-electron-settings/node_modules/electron-settings/lib/settings.js","s":{"1":4,"2":4,"3":0,"4":0,"5":0,"6":0,"7":0,"8":0,"9":0,"10":0,"11":0,"12":0,"13":0,"14":0,"15":0,"16":0,"17":0,"18":0,"19":0,"20":0,"21":0,"22":0,"23":0,"24":0,"25":0,"26":0,"27":0,"28":0,"29":0,"30":0,"31":0,"32":0,"33":0,"34":0,"35":0,"36":0,"37":0,"38":0,"39":0,"40":0,"41":0,"42":0,"43":0,"44":0,"45":0,"46":0,"47":0,"48":0,"49":0,"50":0,"51":0,"52":0,"53":0,"54":0,"55":0,"56":0,"57":0,"58":0,"59":0,"60":0,"61":0,"62":0,"63":0,"64":0,"65":0,"66":0,"67":0,"68":0,"69":0,"70":0,"71":0,"72":0,"73":0,"74":0,"75":0,"76":0,"77":0,"78":0,"79":0,"80":0,"81":0,"82":0,"83":0,"84":0,"85":0,"86":0,"87":0,"88":0,"89":0,"90":0,"91":0,"92":0,"93":0,"94":0,"95":0,"96":0,"97":0,"98":0},"b":{"1":[0,0],"2":[0,0],"3":[0,0],"4":[0,0],"5":[0,0],"6":[0,0],"7":[0,0],"8":[0,0],"9":[0,0],"10":[0,0],"11":[0,0],"12":[0,0]},"f":{"1":0,"2":0,"3":0,"4":0,"5":0,"6":0,"7":0,"8":0,"9":0,"10":0,"11":0,"12":0,"13":0,"14":0,"15":0,"16":0,"17":0,"18":0,"19":0,"20":0,"21":0,"22":0},"fnMap":{"1":{"name":"(anonymous_1)","line":57,"loc":{"start":{"line":57,"column":13},"end":{"line":57,"column":16}}},"2":{"name":"(anonymous_2)","line":94,"loc":{"start":{"line":94,"column":16},"end":{"line":94,"column":19}}},"3":{"name":"(anonymous_3)","line":113,"loc":{"start":{"line":113,"column":18},"end":{"line":113,"column":34}}},"4":{"name":"(anonymous_4)","line":129,"loc":{"start":{"line":129,"column":17},"end":{"line":129,"column":20}}},"5":{"name":"(anonymous_5)","line":152,"loc":{"start":{"line":152,"column":16},"end":{"line":152,"column":38}}},"6":{"name":"(anonymous_6)","line":172,"loc":{"start":{"line":172,"column":15},"end":{"line":172,"column":18}}},"7":{"name":"(anonymous_7)","line":191,"loc":{"start":{"line":191,"column":23},"end":{"line":191,"column":35}}},"8":{"name":"(anonymous_8)","line":210,"loc":{"start":{"line":210,"column":18},"end":{"line":210,"column":21}}},"9":{"name":"(anonymous_9)","line":222,"loc":{"start":{"line":222,"column":21},"end":{"line":222,"column":31}}},"10":{"name":"(anonymous_10)","line":238,"loc":{"start":{"line":238,"column":20},"end":{"line":238,"column":43}}},"11":{"name":"(anonymous_11)","line":260,"loc":{"start":{"line":260,"column":20},"end":{"line":260,"column":44}}},"12":{"name":"(anonymous_12)","line":290,"loc":{"start":{"line":290,"column":23},"end":{"line":290,"column":39}}},"13":{"name":"(anonymous_13)","line":314,"loc":{"start":{"line":314,"column":22},"end":{"line":314,"column":41}}},"14":{"name":"(anonymous_14)","line":328,"loc":{"start":{"line":328,"column":5},"end":{"line":328,"column":15}}},"15":{"name":"(anonymous_15)","line":344,"loc":{"start":{"line":344,"column":5},"end":{"line":344,"column":33}}},"16":{"name":"(anonymous_16)","line":362,"loc":{"start":{"line":362,"column":8},"end":{"line":362,"column":25}}},"17":{"name":"(anonymous_17)","line":380,"loc":{"start":{"line":380,"column":5},"end":{"line":380,"column":29}}},"18":{"name":"(anonymous_18)","line":392,"loc":{"start":{"line":392,"column":8},"end":{"line":392,"column":11}}},"19":{"name":"(anonymous_19)","line":405,"loc":{"start":{"line":405,"column":8},"end":{"line":405,"column":29}}},"20":{"name":"(anonymous_20)","line":422,"loc":{"start":{"line":422,"column":11},"end":{"line":422,"column":23}}},"21":{"name":"(anonymous_21)","line":440,"loc":{"start":{"line":440,"column":7},"end":{"line":440,"column":26}}},"22":{"name":"(anonymous_22)","line":453,"loc":{"start":{"line":453,"column":6},"end":{"line":453,"column":9}}}},"statementMap":{"1":{"start":{"line":10,"column":0},"end":{"line":10,"column":33}},"2":{"start":{"line":11,"column":0},"end":{"line":11,"column":37}},"3":{"start":{"line":12,"column":0},"end":{"line":12,"column":43}},"4":{"start":{"line":13,"column":0},"end":{"line":13,"column":25}},"5":{"start":{"line":14,"column":0},"end":{"line":14,"column":37}},"6":{"start":{"line":15,"column":0},"end":{"line":15,"column":29}},"7":{"start":{"line":17,"column":0},"end":{"line":17,"column":46}},"8":{"start":{"line":18,"column":0},"end":{"line":18,"column":48}},"9":{"start":{"line":26,"column":0},"end":{"line":26,"column":48}},"10":{"start":{"line":33,"column":0},"end":{"line":33,"column":45}},"11":{"start":{"line":40,"column":0},"end":{"line":40,"column":36}},"12":{"start":{"line":47,"column":0},"end":{"line":47,"column":67}},"13":{"start":{"line":58,"column":4},"end":{"line":58,"column":12}},"14":{"start":{"line":66,"column":4},"end":{"line":66,"column":46}},"15":{"start":{"line":76,"column":4},"end":{"line":76,"column":27}},"16":{"start":{"line":84,"column":4},"end":{"line":84,"column":75}},"17":{"start":{"line":95,"column":4},"end":{"line":102,"column":5}},"18":{"start":{"line":96,"column":6},"end":{"line":101,"column":7}},"19":{"start":{"line":97,"column":8},"end":{"line":97,"column":91}},"20":{"start":{"line":114,"column":4},"end":{"line":121,"column":5}},"21":{"start":{"line":115,"column":6},"end":{"line":115,"column":30}},"22":{"start":{"line":116,"column":6},"end":{"line":116,"column":29}},"23":{"start":{"line":118,"column":6},"end":{"line":120,"column":7}},"24":{"start":{"line":119,"column":8},"end":{"line":119,"column":30}},"25":{"start":{"line":130,"column":4},"end":{"line":140,"column":5}},"26":{"start":{"line":131,"column":6},"end":{"line":131,"column":52}},"27":{"start":{"line":133,"column":6},"end":{"line":139,"column":7}},"28":{"start":{"line":134,"column":8},"end":{"line":134,"column":59}},"29":{"start":{"line":138,"column":8},"end":{"line":138,"column":18}},"30":{"start":{"line":142,"column":4},"end":{"line":142,"column":26}},"31":{"start":{"line":153,"column":4},"end":{"line":153,"column":27}},"32":{"start":{"line":155,"column":4},"end":{"line":163,"column":5}},"33":{"start":{"line":156,"column":6},"end":{"line":156,"column":43}},"34":{"start":{"line":158,"column":6},"end":{"line":158,"column":70}},"35":{"start":{"line":162,"column":6},"end":{"line":162,"column":16}},"36":{"start":{"line":173,"column":4},"end":{"line":173,"column":27}},"37":{"start":{"line":175,"column":4},"end":{"line":181,"column":5}},"38":{"start":{"line":176,"column":6},"end":{"line":176,"column":59}},"39":{"start":{"line":180,"column":6},"end":{"line":180,"column":16}},"40":{"start":{"line":192,"column":4},"end":{"line":201,"column":5}},"41":{"start":{"line":194,"column":8},"end":{"line":194,"column":32}},"42":{"start":{"line":195,"column":8},"end":{"line":195,"column":14}},"43":{"start":{"line":198,"column":8},"end":{"line":198,"column":36}},"44":{"start":{"line":199,"column":8},"end":{"line":199,"column":14}},"45":{"start":{"line":211,"column":4},"end":{"line":211,"column":38}},"46":{"start":{"line":223,"column":4},"end":{"line":223,"column":37}},"47":{"start":{"line":224,"column":4},"end":{"line":224,"column":52}},"48":{"start":{"line":226,"column":4},"end":{"line":226,"column":18}},"49":{"start":{"line":239,"column":4},"end":{"line":239,"column":20}},"50":{"start":{"line":241,"column":4},"end":{"line":245,"column":5}},"51":{"start":{"line":242,"column":6},"end":{"line":242,"column":33}},"52":{"start":{"line":244,"column":6},"end":{"line":244,"column":53}},"53":{"start":{"line":247,"column":4},"end":{"line":247,"column":35}},"54":{"start":{"line":261,"column":4},"end":{"line":261,"column":37}},"55":{"start":{"line":263,"column":4},"end":{"line":277,"column":5}},"56":{"start":{"line":264,"column":6},"end":{"line":264,"column":54}},"57":{"start":{"line":265,"column":6},"end":{"line":265,"column":60}},"58":{"start":{"line":269,"column":6},"end":{"line":274,"column":7}},"59":{"start":{"line":270,"column":8},"end":{"line":270,"column":55}},"60":{"start":{"line":273,"column":8},"end":{"line":273,"column":48}},"61":{"start":{"line":276,"column":6},"end":{"line":276,"column":19}},"62":{"start":{"line":279,"column":4},"end":{"line":279,"column":15}},"63":{"start":{"line":291,"column":4},"end":{"line":301,"column":5}},"64":{"start":{"line":292,"column":6},"end":{"line":292,"column":36}},"65":{"start":{"line":294,"column":6},"end":{"line":294,"column":39}},"66":{"start":{"line":295,"column":6},"end":{"line":295,"column":54}},"67":{"start":{"line":297,"column":6},"end":{"line":300,"column":7}},"68":{"start":{"line":298,"column":8},"end":{"line":298,"column":51}},"69":{"start":{"line":299,"column":8},"end":{"line":299,"column":39}},"70":{"start":{"line":315,"column":4},"end":{"line":315,"column":58}},"71":{"start":{"line":317,"column":4},"end":{"line":317,"column":62}},"72":{"start":{"line":329,"column":4},"end":{"line":329,"column":85}},"73":{"start":{"line":331,"column":4},"end":{"line":331,"column":45}},"74":{"start":{"line":345,"column":4},"end":{"line":345,"column":126}},"75":{"start":{"line":346,"column":4},"end":{"line":346,"column":84}},"76":{"start":{"line":348,"column":4},"end":{"line":348,"column":50}},"77":{"start":{"line":350,"column":4},"end":{"line":350,"column":16}},"78":{"start":{"line":363,"column":4},"end":{"line":363,"column":82}},"79":{"start":{"line":364,"column":4},"end":{"line":364,"column":84}},"80":{"start":{"line":366,"column":4},"end":{"line":366,"column":43}},"81":{"start":{"line":368,"column":4},"end":{"line":368,"column":16}},"82":{"start":{"line":381,"column":4},"end":{"line":381,"column":126}},"83":{"start":{"line":383,"column":4},"end":{"line":383,"column":58}},"84":{"start":{"line":393,"column":4},"end":{"line":393,"column":39}},"85":{"start":{"line":406,"column":4},"end":{"line":406,"column":129}},"86":{"start":{"line":407,"column":4},"end":{"line":407,"column":84}},"87":{"start":{"line":409,"column":4},"end":{"line":409,"column":46}},"88":{"start":{"line":411,"column":4},"end":{"line":411,"column":16}},"89":{"start":{"line":423,"column":4},"end":{"line":423,"column":83}},"90":{"start":{"line":425,"column":4},"end":{"line":425,"column":41}},"91":{"start":{"line":427,"column":4},"end":{"line":427,"column":16}},"92":{"start":{"line":441,"column":4},"end":{"line":441,"column":85}},"93":{"start":{"line":442,"column":4},"end":{"line":442,"column":90}},"94":{"start":{"line":444,"column":4},"end":{"line":444,"column":55}},"95":{"start":{"line":454,"column":4},"end":{"line":454,"column":34}},"96":{"start":{"line":464,"column":0},"end":{"line":467,"column":2}},"97":{"start":{"line":475,"column":0},"end":{"line":477,"column":2}},"98":{"start":{"line":479,"column":0},"end":{"line":479,"column":26}}},"branchMap":{"1":{"line":26,"type":"binary-expr","locations":[{"start":{"line":26,"column":12},"end":{"line":26,"column":24}},{"start":{"line":26,"column":28},"end":{"line":26,"column":47}}]},"2":{"line":95,"type":"if","locations":[{"start":{"line":95,"column":4},"end":{"line":95,"column":4}},{"start":{"line":95,"column":4},"end":{"line":95,"column":4}}]},"3":{"line":114,"type":"if","locations":[{"start":{"line":114,"column":4},"end":{"line":114,"column":4}},{"start":{"line":114,"column":4},"end":{"line":114,"column":4}}]},"4":{"line":118,"type":"if","locations":[{"start":{"line":118,"column":6},"end":{"line":118,"column":6}},{"start":{"line":118,"column":6},"end":{"line":118,"column":6}}]},"5":{"line":156,"type":"cond-expr","locations":[{"start":{"line":156,"column":37},"end":{"line":156,"column":38}},{"start":{"line":156,"column":41},"end":{"line":156,"column":42}}]},"6":{"line":192,"type":"switch","locations":[{"start":{"line":193,"column":6},"end":{"line":196,"column":7}},{"start":{"line":197,"column":6},"end":{"line":200,"column":7}}]},"7":{"line":241,"type":"if","locations":[{"start":{"line":241,"column":4},"end":{"line":241,"column":4}},{"start":{"line":241,"column":4},"end":{"line":241,"column":4}}]},"8":{"line":263,"type":"if","locations":[{"start":{"line":263,"column":4},"end":{"line":263,"column":4}},{"start":{"line":263,"column":4},"end":{"line":263,"column":4}}]},"9":{"line":269,"type":"if","locations":[{"start":{"line":269,"column":6},"end":{"line":269,"column":6}},{"start":{"line":269,"column":6},"end":{"line":269,"column":6}}]},"10":{"line":269,"type":"binary-expr","locations":[{"start":{"line":269,"column":10},"end":{"line":269,"column":17}},{"start":{"line":269,"column":21},"end":{"line":269,"column":56}}]},"11":{"line":291,"type":"if","locations":[{"start":{"line":291,"column":4},"end":{"line":291,"column":4}},{"start":{"line":291,"column":4},"end":{"line":291,"column":4}}]},"12":{"line":297,"type":"if","locations":[{"start":{"line":297,"column":6},"end":{"line":297,"column":6}},{"start":{"line":297,"column":6},"end":{"line":297,"column":6}}]}},"code":["/**"," * A module that handles read and writing to the disk."," *"," * @module settings"," * @author Nathan Buchar"," * @copyright 2016-2017 Nathan Buchar <hello@nathanbuchar.com>"," * @license ISC"," */","","const assert = require('assert');","const electron = require('electron');","const { EventEmitter } = require('events');","const fs = require('fs');","const jsonfile = require('jsonfile');","const path = require('path');","","const Helpers = require('./settings-helpers');","const Observer = require('./settings-observer');","","/**"," * A reference to the Electron app. If this framework is required within a"," * renderer processes, we need to load the app via `remote`."," *"," * @type {string}"," */","const app = electron.app || electron.remote.app;","","/**"," * The Electron app's user data path."," *"," * @type {string}"," */","const userDataPath = app.getPath('userData');","","/**"," * The name of the settings file."," *"," * @type {string}"," */","const settingsFileName = 'Settings';","","/**"," * The absolute path to the settings file."," *"," * @type {string}"," */","const settingsFilePath = path.join(userDataPath, settingsFileName);","","/**"," * The electron-settings class."," *"," * @extends EventEmitter"," * @class"," */","class Settings extends EventEmitter {","","  constructor() {","    super();","","    /**","     * The absolute path to the settings file on the disk.","     *","     * @type {string}","     * @private","     */","    this._settingsFilePath = settingsFilePath;","","    /**","     * The FSWatcher instance. This will watch if the settings file and","     * notify key path observers.","     *","     * @type {FSWatcher}","     * @default null","     * @private","     */","    this._fsWatcher = null;","","    /**","     * Called when the settings file is changed or renamed.","     *","     * @type {Object}","     * @private","     */","    this._handleSettingsFileChange = this._onSettingsFileChange.bind(this);","  }","","  /**","   * Watches the settings file for changes using the native `FSWatcher`","   * class in case the settings file is changed outside of","   * ElectronSettings' jursidiction.","   *","   * @private","   */","  _watchSettings() {","    if (!this._fsWatcher) {","      try {","        this._fsWatcher = fs.watch(this._settingsFilePath, this._handleSettingsFileChange);","      } catch (err) {","        // File may not exist yet or the user may not have permission to","        // access the file or directory. Fail gracefully.","      }","    }","  }","","  /**","   * Unwatches the settings file by closing the FSWatcher and nullifying its","   * references. If the `reset` parameter is true, attempt to watch the","   * settings file again.","   *","   * @param {boolean} [reset=false]","   * @private","   */","  _unwatchSettings(reset = false) {","    if (this._fsWatcher) {","      this._fsWatcher.close();","      this._fsWatcher = null;","","      if (reset) {","        this._watchSettings();","      }","    }","  }","","  /**","   * Ensures that the settings file exists, then initializes the FSWatcher.","   *","   * @private","   */","  _ensureSettings() {","    try {","      jsonfile.readFileSync(this._settingsFilePath);","    } catch (err) {","      try {","        jsonfile.writeFileSync(this._settingsFilePath, {});","      } catch (err) {","        // Cannot read or write file. The user may not have permission to","        // access the file or directory. Throw error.","        throw err;","      }","    }","","    this._watchSettings();","  }","","  /**","   * Writes the settings to the disk.","   *","   * @param {Object} [obj={}]","   * @param {Object} [opts={}]","   * @private","   */","  _writeSettings(obj = {}, opts = {}) {","    this._ensureSettings();","","    try {","      const spaces = opts.prettify ? 2 : 0;","","      jsonfile.writeFileSync(this._settingsFilePath, obj, { spaces });","    } catch (err) {","      // Could not write the file. The user may not have permission to","      // access the file or directory. Throw error.","      throw err;","    }","  }","","  /**","   * Returns the parsed contents of the settings file.","   *","   * @returns {Object}","   * @private","   */","  _readSettings() {","    this._ensureSettings();","","    try {","      return jsonfile.readFileSync(this._settingsFilePath);","    } catch (err) {","      // Could not read the file. The user may not have permission to","      // access the file or directory. Throw error.","      throw err;","    }","  }","","  /**","   * Called when the settings file has been changed or","   * renamed (moved/deleted).","   *","   * @type {string} eventType","   * @private","   */","  _onSettingsFileChange(eventType) {","    switch (eventType) {","      case Settings.FSWatcherEvents.CHANGE: {","        this._emitChangeEvent();","        break;","      }","      case Settings.FSWatcherEvents.RENAME: {","        this._unwatchSettings(true);","        break;","      }","    }","  }","","  /**","   * Broadcasts the internal \"change\" event.","   *","   * @emits ElectronSettings:change","   * @private","   */","  _emitChangeEvent() {","    this.emit(Settings.Events.CHANGE);","  }","","  /**","   * Returns a boolean indicating whether the settings object contains","   * the given key path.","   *","   * @param {string} keyPath","   * @returns {boolean}","   * @private","   */","  _checkKeyPathExists(keyPath) {","    const obj = this._readSettings();","    const exists = Helpers.hasKeyPath(obj, keyPath);","","    return exists;","  }","","  /**","   * Sets the value at the given key path, or the entire settings object if","   * an empty key path is given.","   *","   * @param {string} keyPath","   * @param {any} value","   * @param {Object} opts","   * @private","   */","  _setValueAtKeyPath(keyPath, value, opts) {","    let obj = value;","","    if (keyPath !== '') {","      obj = this._readSettings();","","      Helpers.setValueAtKeyPath(obj, keyPath, value);","    }","","    this._writeSettings(obj, opts);","  }","","  /**","   * Returns the value at the given key path, or sets the value at that key","   * path to the default value, if provided, if the key does not exist. If an","   * empty key path is given, the entire settings object will be returned.","   *","   * @param {string} keyPath","   * @param {any} [defaultValue]","   * @returns {any}","   * @private","   */","  _getValueAtKeyPath(keyPath, defaultValue) {","    const obj = this._readSettings();","","    if (keyPath !== '') {","      const exists = Helpers.hasKeyPath(obj, keyPath);","      const value = Helpers.getValueAtKeyPath(obj, keyPath);","","      // The key does not exist but a default value does. Set the value at the","      // key path to the default value and then get the new value.","      if (!exists && typeof defaultValue !== 'undefined') {","        this._setValueAtKeyPath(keyPath, defaultValue);","","        // Get the new value now that the default has been set.","        return this._getValueAtKeyPath(keyPath);","      }","","      return value;","    }","","    return obj;","  }","","  /**","   * Deletes the key and value at the given key path, or clears the entire","   * settings object if an empty key path is given.","   *","   * @param {string} keyPath","   * @param {Object} opts","   * @private","   */","  _deleteValueAtKeyPath(keyPath, opts) {","    if (keyPath === '') {","      this._writeSettings({}, opts);","    } else {","      const obj = this._readSettings();","      const exists = Helpers.hasKeyPath(obj, keyPath);","","      if (exists) {","        Helpers.deleteValueAtKeyPath(obj, keyPath);","        this._writeSettings(obj, opts);","      }","    }","  }","","  /**","   * Watches the given key path for changes and calls the given handler","   * if the value changes. To unsubscribe from changes, call `dispose()`","   * on the Observer instance that is returned.","   *","   * @param {string} keyPath","   * @param {Function} handler","   * @returns {Observer}","   * @private","   */","  _watchValueAtKeyPath(keyPath, handler) {","    const currentValue = this._getValueAtKeyPath(keyPath);","","    return new Observer(this, keyPath, handler, currentValue);","  }","","  /**","   * Returns a boolean indicating whether the settings object contains","   * the given key path.","   *","   * @param {string} keyPath","   * @returns {boolean}","   * @public","   */","  has(keyPath) {","    assert.strictEqual(typeof keyPath, 'string', 'First parameter must be a string');","","    return this._checkKeyPathExists(keyPath);","  }","","  /**","   * Sets the value at the given key path.","   *","   * @param {string} keyPath","   * @param {any} value","   * @param {Object} [opts={}]","   * @param {boolean} [opts.prettify=false]","   * @returns {Settings}","   * @public","   */","  set(keyPath, value, opts = {}) {","    assert.strictEqual(typeof keyPath, 'string', 'First parameter must be a string. Did you mean to use `setAll()` instead?');","    assert.strictEqual(typeof opts, 'object', 'Second parameter must be an object');","","    this._setValueAtKeyPath(keyPath, value, opts);","","    return this;","  }","","  /**","   * Sets all settings.","   *","   * @param {Object} obj","   * @param {Object} [opts={}]","   * @param {boolean} [opts.prettify=false]","   * @returns {Settings}","   * @public","   */","  setAll(obj, opts = {}) {","    assert.strictEqual(typeof obj, 'object', 'First parameter must be an object');","    assert.strictEqual(typeof opts, 'object', 'Second parameter must be an object');","","    this._setValueAtKeyPath('', obj, opts);","","    return this;","  }","","  /**","   * Returns the value at the given key path, or sets the value at that key","   * path to the default value, if provided, if the key does not exist.","   *","   * @param {string} keyPath","   * @param {any} [defaultValue]","   * @returns {any}","   * @public","   */","  get(keyPath, defaultValue) {","    assert.strictEqual(typeof keyPath, 'string', 'First parameter must be a string. Did you mean to use `getAll()` instead?');","","    return this._getValueAtKeyPath(keyPath, defaultValue);","  }","","  /**","   * Returns all settings.","   *","   * @returns {Object}","   * @public","   */","  getAll() {","    return this._getValueAtKeyPath('');","  }","","  /**","   * Deletes the key and value at the given key path.","   *","   * @param {string} keyPath","   * @param {Object} [opts={}]","   * @param {boolean} [opts.prettify=false]","   * @returns {Settings}","   * @public","   */","  delete(keyPath, opts = {}) {","    assert.strictEqual(typeof keyPath, 'string', 'First parameter must be a string. Did you mean to use `deleteAll()` instead?');","    assert.strictEqual(typeof opts, 'object', 'Second parameter must be an object');","","    this._deleteValueAtKeyPath(keyPath, opts);","","    return this;","  }","","  /**","   * Deletes all settings.","   *","   * @param {Object} [opts={}]","   * @param {boolean} [opts.prettify=false]","   * @returns {Settings}","   * @public","   */","  deleteAll(opts = {}) {","    assert.strictEqual(typeof opts, 'object', 'First parameter must be an object');","","    this._deleteValueAtKeyPath('', opts);","","    return this;","  }","","  /**","   * Watches the given key path for changes and calls the given handler","   * if the value changes. To unsubscribe from changes, call `dispose()`","   * on the Observer instance that is returned.","   *","   * @param {string} keyPath","   * @param {Function} handler","   * @returns {Observer}","   * @public","   */","  watch(keyPath, handler) {","    assert.strictEqual(typeof keyPath, 'string', 'First parameter must be a string');","    assert.strictEqual(typeof handler, 'function', 'Second parameter must be a function');","","    return this._watchValueAtKeyPath(keyPath, handler);","  }","","  /**","   * Returns the absolute path to where the settings file is or will be stored.","   *","   * @returns {string}","   * @public","   */","  file() {","    return this._settingsFilePath;","  }","}","","/**"," * ElectronSettings event names."," *"," * @enum {string}"," * @readonly"," */","Settings.FSWatcherEvents = {","  CHANGE: 'change',","  RENAME: 'rename'","};","","/**"," * ElectronSettings event names."," *"," * @enum {string}"," * @readonly"," */","Settings.Events = {","  CHANGE: 'change'","};","","module.exports = Settings;",""],"l":{"10":4,"11":4,"12":0,"13":0,"14":0,"15":0,"17":0,"18":0,"26":0,"33":0,"40":0,"47":0,"58":0,"66":0,"76":0,"84":0,"95":0,"96":0,"97":0,"114":0,"115":0,"116":0,"118":0,"119":0,"130":0,"131":0,"133":0,"134":0,"138":0,"142":0,"153":0,"155":0,"156":0,"158":0,"162":0,"173":0,"175":0,"176":0,"180":0,"192":0,"194":0,"195":0,"198":0,"199":0,"211":0,"223":0,"224":0,"226":0,"239":0,"241":0,"242":0,"244":0,"247":0,"261":0,"263":0,"264":0,"265":0,"269":0,"270":0,"273":0,"276":0,"279":0,"291":0,"292":0,"294":0,"295":0,"297":0,"298":0,"299":0,"315":0,"317":0,"329":0,"331":0,"345":0,"346":0,"348":0,"350":0,"363":0,"364":0,"366":0,"368":0,"381":0,"383":0,"393":0,"406":0,"407":0,"409":0,"411":0,"423":0,"425":0,"427":0,"441":0,"442":0,"444":0,"454":0,"464":0,"475":0,"479":0}},"/home/travis/build/npmtest/node-npmtest-electron-settings/node_modules/electron-settings/lib/settings-helpers.js":{"path":"/home/travis/build/npmtest/node-npmtest-electron-settings/node_modules/electron-settings/lib/settings-helpers.js","s":{"1":1,"2":0,"3":0,"4":0,"5":0,"6":0,"7":0,"8":0,"9":1,"10":0,"11":0,"12":0,"13":0,"14":0,"15":0,"16":0,"17":1,"18":0,"19":0,"20":0,"21":0,"22":0,"23":0,"24":0,"25":1,"26":0,"27":0,"28":0,"29":0,"30":0,"31":0,"32":0},"b":{"1":[0,0],"2":[0,0],"3":[0,0],"4":[0,0]},"f":{},"fnMap":{},"statementMap":{"1":{"start":{"line":17,"column":0},"end":{"line":31,"column":2}},"2":{"start":{"line":18,"column":2},"end":{"line":18,"column":35}},"3":{"start":{"line":20,"column":2},"end":{"line":28,"column":3}},"4":{"start":{"line":21,"column":4},"end":{"line":21,"column":24}},"5":{"start":{"line":23,"column":4},"end":{"line":27,"column":5}},"6":{"start":{"line":24,"column":6},"end":{"line":24,"column":21}},"7":{"start":{"line":26,"column":6},"end":{"line":26,"column":19}},"8":{"start":{"line":30,"column":2},"end":{"line":30,"column":14}},"9":{"start":{"line":40,"column":0},"end":{"line":54,"column":2}},"10":{"start":{"line":41,"column":2},"end":{"line":41,"column":35}},"11":{"start":{"line":43,"column":2},"end":{"line":51,"column":3}},"12":{"start":{"line":44,"column":4},"end":{"line":44,"column":24}},"13":{"start":{"line":46,"column":4},"end":{"line":50,"column":5}},"14":{"start":{"line":47,"column":6},"end":{"line":47,"column":21}},"15":{"start":{"line":49,"column":6},"end":{"line":49,"column":23}},"16":{"start":{"line":53,"column":2},"end":{"line":53,"column":13}},"17":{"start":{"line":63,"column":0},"end":{"line":77,"column":2}},"18":{"start":{"line":64,"column":2},"end":{"line":64,"column":35}},"19":{"start":{"line":66,"column":2},"end":{"line":74,"column":3}},"20":{"start":{"line":67,"column":4},"end":{"line":67,"column":29}},"21":{"start":{"line":69,"column":4},"end":{"line":71,"column":5}},"22":{"start":{"line":70,"column":6},"end":{"line":70,"column":20}},"23":{"start":{"line":73,"column":4},"end":{"line":73,"column":19}},"24":{"start":{"line":76,"column":2},"end":{"line":76,"column":28}},"25":{"start":{"line":85,"column":0},"end":{"line":99,"column":2}},"26":{"start":{"line":86,"column":2},"end":{"line":86,"column":35}},"27":{"start":{"line":88,"column":2},"end":{"line":96,"column":3}},"28":{"start":{"line":89,"column":4},"end":{"line":89,"column":29}},"29":{"start":{"line":91,"column":4},"end":{"line":93,"column":5}},"30":{"start":{"line":92,"column":6},"end":{"line":92,"column":13}},"31":{"start":{"line":95,"column":4},"end":{"line":95,"column":19}},"32":{"start":{"line":98,"column":2},"end":{"line":98,"column":27}}},"branchMap":{"1":{"line":23,"type":"if","locations":[{"start":{"line":23,"column":4},"end":{"line":23,"column":4}},{"start":{"line":23,"column":4},"end":{"line":23,"column":4}}]},"2":{"line":46,"type":"if","locations":[{"start":{"line":46,"column":4},"end":{"line":46,"column":4}},{"start":{"line":46,"column":4},"end":{"line":46,"column":4}}]},"3":{"line":69,"type":"if","locations":[{"start":{"line":69,"column":4},"end":{"line":69,"column":4}},{"start":{"line":69,"column":4},"end":{"line":69,"column":4}}]},"4":{"line":91,"type":"if","locations":[{"start":{"line":91,"column":4},"end":{"line":91,"column":4}},{"start":{"line":91,"column":4},"end":{"line":91,"column":4}}]}},"code":["/**"," * A module that contains key path helpers. Adapted from atom/key-path-helpers."," *"," * @module settings-helpers"," * @author Nathan Buchar"," * @copyright 2016-2017 Nathan Buchar <hello@nathanbuchar.com>"," * @license ISC"," */","","/**"," * Checks if the given object contains the given key path."," *"," * @param {Object} obj"," * @param {string} keyPath"," * @returns {boolean}"," */","module.exports.hasKeyPath = (obj, keyPath) => {","  const keys = keyPath.split(/\\./);","","  for (let i = 0, len = keys.length; i < len; i++) {","    const key = keys[i];","","    if (Object.prototype.hasOwnProperty.call(obj, key)) {","      obj = obj[key];","    } else {","      return false;","    }","  }","","  return true;","};","","/**"," * Gets the value of the given object at the given key path."," *"," * @param {Object} obj"," * @param {string} keyPath"," * @returns {any}"," */","module.exports.getValueAtKeyPath = (obj, keyPath) => {","  const keys = keyPath.split(/\\./);","","  for (let i = 0, len = keys.length; i < len; i++) {","    const key = keys[i];","","    if (Object.prototype.hasOwnProperty.call(obj, key)) {","      obj = obj[key];","    } else {","      return undefined;","    }","  }","","  return obj;","};","","/**"," * Sets the value of the given object at the given key path."," *"," * @param {Object} obj"," * @param {string} keyPath"," * @param {any} value"," */","module.exports.setValueAtKeyPath = (obj, keyPath, value) => {","  const keys = keyPath.split(/\\./);","","  while (keys.length > 1) {","    const key = keys.shift();","","    if (!Object.prototype.hasOwnProperty.call(obj, key)) {","      obj[key] = {};","    }","","    obj = obj[key];","  }","","  obj[keys.shift()] = value;","};","","/**"," * Deletes the value of the given object at the given key path."," *"," * @param {Object} obj"," * @param {string} keyPath"," */","module.exports.deleteValueAtKeyPath = (obj, keyPath) => {","  const keys = keyPath.split(/\\./);","","  while (keys.length > 1) {","    const key = keys.shift();","","    if (!Object.prototype.hasOwnProperty.call(obj, key)) {","      return;","    }","","    obj = obj[key];","  }","","  delete obj[keys.shift()];","};",""],"l":{"17":1,"18":0,"20":0,"21":0,"23":0,"24":0,"26":0,"30":0,"40":1,"41":0,"43":0,"44":0,"46":0,"47":0,"49":0,"53":0,"63":1,"64":0,"66":0,"67":0,"69":0,"70":0,"73":0,"76":0,"85":1,"86":0,"88":0,"89":0,"91":0,"92":0,"95":0,"98":0}},"/home/travis/build/npmtest/node-npmtest-electron-settings/node_modules/electron-settings/lib/settings-observer.js":{"path":"/home/travis/build/npmtest/node-npmtest-electron-settings/node_modules/electron-settings/lib/settings-observer.js","s":{"1":1,"2":0,"3":0,"4":0,"5":0,"6":0,"7":0,"8":0,"9":0,"10":0,"11":0,"12":0,"13":0,"14":0,"15":0,"16":1},"b":{},"f":{"1":0,"2":0,"3":0,"4":0},"fnMap":{"1":{"name":"(anonymous_1)","line":14,"loc":{"start":{"line":14,"column":13},"end":{"line":14,"column":56}}},"2":{"name":"(anonymous_2)","line":65,"loc":{"start":{"line":65,"column":7},"end":{"line":65,"column":10}}},"3":{"name":"(anonymous_3)","line":74,"loc":{"start":{"line":74,"column":11},"end":{"line":74,"column":14}}},"4":{"name":"(anonymous_4)","line":93,"loc":{"start":{"line":93,"column":9},"end":{"line":93,"column":12}}}},"statementMap":{"1":{"start":{"line":10,"column":0},"end":{"line":10,"column":33}},"2":{"start":{"line":22,"column":4},"end":{"line":22,"column":30}},"3":{"start":{"line":30,"column":4},"end":{"line":30,"column":28}},"4":{"start":{"line":39,"column":4},"end":{"line":39,"column":28}},"5":{"start":{"line":47,"column":4},"end":{"line":47,"column":38}},"6":{"start":{"line":55,"column":4},"end":{"line":55,"column":51}},"7":{"start":{"line":57,"column":4},"end":{"line":57,"column":17}},"8":{"start":{"line":66,"column":4},"end":{"line":66,"column":52}},"9":{"start":{"line":75,"column":4},"end":{"line":75,"column":40}},"10":{"start":{"line":76,"column":4},"end":{"line":76,"column":55}},"11":{"start":{"line":78,"column":4},"end":{"line":85,"column":5}},"12":{"start":{"line":79,"column":6},"end":{"line":79,"column":43}},"13":{"start":{"line":81,"column":6},"end":{"line":81,"column":36}},"14":{"start":{"line":84,"column":6},"end":{"line":84,"column":51}},"15":{"start":{"line":94,"column":4},"end":{"line":94,"column":64}},"16":{"start":{"line":98,"column":0},"end":{"line":98,"column":34}}},"branchMap":{},"code":["/**"," * A module that delegates settings changes."," *"," * @module settings-observer"," * @author Nathan Buchar"," * @copyright 2016-2017 Nathan Buchar <hello@nathanbuchar.com>"," * @license ISC"," */","","const assert = require('assert');","","class SettingsObserver {","","  constructor(settings, keyPath, handler, currentValue) {","","    /**","     * A reference to the Settings instance.","     *","     * @type {Settings}","     * @private","     */","    this._settings = settings;","","    /**","     * The key path that this observer instance is watching for changes.","     *","     * @type {string}","     * @private","     */","    this._keyPath = keyPath;","","    /**","     * The handler function to be called when the value at the observed","     * key path is changed.","     *","     * @type {Function}","     * @private","     */","    this._handler = handler;","","    /**","     * The current value of the setting at the given key path.","     *","     * @type {any}","     * @private","     */","    this._currentValue = currentValue;","","    /**","     * Called when the settings file is changed.","     *","     * @type {Object}","     * @private","     */","    this._handleChange = this._onChange.bind(this);","","    this._init();","  }","","  /**","   * Initializes this instance.","   *","   * @private","   */","  _init() {","    this._settings.on('change', this._handleChange);","  }","","  /**","   * Called when the settings file is changed.","   *","   * @private","   */","  _onChange() {","    const oldValue = this._currentValue;","    const newValue = this._settings.get(this._keyPath);","","    try {","      assert.deepEqual(newValue, oldValue);","    } catch (err) {","      this._currentValue = newValue;","","      // Call the watch handler and pass in the new and old values.","      this._handler.call(this, newValue, oldValue);","    }","  }","","  /**","   * Disposes of this key path observer.","   *","   * @public","   */","  dispose() {","    this._settings.removeListener('change', this._handleChange);","  }","}","","module.exports = SettingsObserver;",""],"l":{"10":1,"22":0,"30":0,"39":0,"47":0,"55":0,"57":0,"66":0,"75":0,"76":0,"78":0,"79":0,"81":0,"84":0,"94":0,"98":1}}}